[debug] [2024-01-29T09:16:12.593Z] ----------------------------------------------------------------------
[debug] [2024-01-29T09:16:12.595Z] Command:       /usr/local/bin/firebase /Users/carlos/.cache/firebase/tools/lib/node_modules/firebase-tools/lib/bin/firebase init
[debug] [2024-01-29T09:16:12.595Z] CLI Version:   13.1.0
[debug] [2024-01-29T09:16:12.595Z] Platform:      darwin
[debug] [2024-01-29T09:16:12.596Z] Node Version:  v18.5.0
[debug] [2024-01-29T09:16:12.597Z] Time:          Mon Jan 29 2024 13:16:12 GMT+0400 (Georgia Standard Time)
[debug] [2024-01-29T09:16:12.597Z] ----------------------------------------------------------------------
[debug] 
[debug] [2024-01-29T09:16:12.605Z] > command requires scopes: ["email","openid","https://www.googleapis.com/auth/cloudplatformprojects.readonly","https://www.googleapis.com/auth/firebase","https://www.googleapis.com/auth/cloud-platform"]
[debug] [2024-01-29T09:16:12.606Z] > authorizing via signed-in user (clarocarlos70@gmail.com)
[info] 
     ######## #### ########  ######## ########     ###     ######  ########
     ##        ##  ##     ## ##       ##     ##  ##   ##  ##       ##
     ######    ##  ########  ######   ########  #########  ######  ######
     ##        ##  ##    ##  ##       ##     ## ##     ##       ## ##
     ##       #### ##     ## ######## ########  ##     ##  ######  ########

You're about to initialize a Firebase project in this directory:

  /Users/carlos/Desktop/Website Theme/Blumotech-Website

[info] 
=== Project Setup
[info] 
[info] First, let's associate this project directory with a Firebase project.
[info] You can create multiple project aliases by running firebase use --add, 
[info] but for now we'll just set up a default project.
[info] 
[debug] [2024-01-29T09:16:20.315Z] >>> [apiv2][query] GET https://firebase.googleapis.com/v1beta1/projects pageSize=100
[debug] [2024-01-29T09:16:21.210Z] <<< [apiv2][status] GET https://firebase.googleapis.com/v1beta1/projects 200
[debug] [2024-01-29T09:16:21.216Z] <<< [apiv2][body] GET https://firebase.googleapis.com/v1beta1/projects [omitted]
[info] i  Using project blumotech-2ca4f (Blumotech) 
[info] 
=== Hosting Setup
[debug] [2024-01-29T09:16:24.478Z] >>> [apiv2][query] GET https://firebase.googleapis.com/v1beta1/projects/blumotech-2ca4f [none]
[debug] [2024-01-29T09:16:25.112Z] <<< [apiv2][status] GET https://firebase.googleapis.com/v1beta1/projects/blumotech-2ca4f 200
[debug] [2024-01-29T09:16:25.115Z] <<< [apiv2][body] GET https://firebase.googleapis.com/v1beta1/projects/blumotech-2ca4f {"projectId":"blumotech-2ca4f","projectNumber":"318266030432","displayName":"Blumotech","name":"projects/blumotech-2ca4f","resources":{"hostingSite":"blumotech-2ca4f"},"state":"ACTIVE","etag":"1_99aa8562-8550-48bd-a521-3af79fc9a924"}
[info] 
[info] Your public directory is the folder (relative to your project directory) that
[info] will contain Hosting assets to be uploaded with firebase deploy. If you
[info] have a build process for your assets, use your build's output directory.
[info] 
